<?xml version="1.0" encoding="UTF-8"?>
<!-- Generated by org.testng.reporters.JUnitReportReporter -->
<testsuite hostname="Sumukh" failures="0" tests="1" name="com.PopupTest.GoogleSearchPopupTest" time="18.014" errors="0" timestamp="2022-11-03T03:59:37 IST" skipped="0">
  <testcase classname="com.PopupTest.GoogleSearchPopupTest" name="testPopupOnGoogleSearch" time="18.014"/>
  <system-out/>
</testsuite> <!-- com.PopupTest.GoogleSearchPopupTest -->
